<?xml version="1.0" encoding="UTF-8"?>
<!-- Generated by org.testng.reporters.JUnitReportReporter -->
<testsuite skipped="0" hostname="DESKTOP-JGUOOTD" name="testCases.Test001" tests="1" failures="0" timestamp="28 Apr 2019 17:25:19 GMT" time="12.544" errors="0">
  <testcase name="testMe" time="12.544" classname="testCases.Test001"/>
</testsuite> <!-- testCases.Test001 -->
