<?xml version="1.0" encoding="UTF-8"?>
<!-- Generated by org.testng.reporters.JUnitReportReporter -->
<testsuite skipped="0" hostname="DESKTOP-JGUOOTD" name="testCases.Test001" tests="2" failures="0" timestamp="05 Jun 2019 14:09:59 GMT" time="32.876" errors="0">
  <testcase name="testMe" time="17.703" classname="testCases.Test001"/>
  <testcase name="testMe2" time="15.173" classname="testCases.Test001"/>
</testsuite> <!-- testCases.Test001 -->
