<?xml version="1.0" encoding="UTF-8"?>
<!-- Generated by org.testng.reporters.JUnitReportReporter -->
<testsuite skipped="0" hostname="DESKTOP-JGUOOTD" name="testCases.Test001" tests="1" failures="0" timestamp="21 Apr 2019 18:27:19 GMT" time="13.145" errors="0">
  <testcase name="testMe" time="13.145" classname="testCases.Test001"/>
</testsuite> <!-- testCases.Test001 -->
